2025-11-01 07:19:04 - ═══════════════════════════════════════════════════════════════════════════
2025-11-01 07:19:04 - VÉRIFICATION PRÉREQUIS
2025-11-01 07:19:04 - ═══════════════════════════════════════════════════════════════════════════
2025-11-01 07:19:04 - [1/3] Git...
2025-11-01 07:19:04 - ✓ Git : git version 2.51.0
2025-11-01 07:19:04 - [2/3] GitHub CLI...
2025-11-01 07:19:04 - ✓ gh : gh version 2.46.0 (2025-01-13 Debian 2.46.0-3)
2025-11-01 07:19:04 - [3/3] Authentification GitHub...
2025-11-01 07:19:05 - ✓ Authentification active
2025-11-01 07:19:05 - ═══════════════════════════════════════════════════════════════════════════
2025-11-01 07:19:05 - ✓ TOUS PRÉREQUIS OK
2025-11-01 07:19:05 - ═══════════════════════════════════════════════════════════════════════════
2025-11-01 07:19:05 - ═══════════════════════════════════════════════════════════════════════════
2025-11-01 07:19:05 - CRÉATION DÉPÔT GIT COMPLET
2025-11-01 07:19:05 - ═══════════════════════════════════════════════════════════════════════════
2025-11-01 07:19:05 - [1/6] Répertoire local: /mnt/data2_78g/Security/scripts/Projects_web/braveVTTextension_en
2025-11-01 07:19:05 - → Répertoire existe, conservation fichiers
2025-11-01 07:19:05 - ✓ Accès répertoire OK
2025-11-01 07:19:05 - [2/6] Vérification Git...
2025-11-01 07:19:05 - → Initialisation nouveau dépôt Git (branche main)
2025-11-01 07:19:05 - [3/6] Fichiers de base...
2025-11-01 07:19:05 - → README.md existe, SKIP création
2025-11-01 07:19:05 - → Pas de .gitignore demandé
2025-11-01 07:19:05 - [4/6] Dépôt distant GitHub...
2025-11-01 07:19:07 - ✓ Dépôt distant OK (VIDE)
2025-11-01 07:19:07 - [5/6] Remote origin...
2025-11-01 07:19:07 - ✓ Remote configurée
2025-11-01 07:19:07 - [6/6] Branche working...
2025-11-01 07:19:07 - ✓ Sur branche working
2025-11-01 07:19:07 - ═══════════════════════════════════════════════════════════════════════════
2025-11-01 07:19:07 - ✓ DÉPÔT CRÉÉ AVEC SUCCÈS
2025-11-01 07:19:07 - ═══════════════════════════════════════════════════════════════════════════
2025-11-01 07:19:07 - 
2025-11-01 07:19:07 - INFOS:
2025-11-01 07:19:07 -   • Nom      : braveVTTextension_en
2025-11-01 07:19:07 -   • Owner    : bdelnoz
2025-11-01 07:19:07 -   • Visibilité: private
2025-11-01 07:19:07 -   • Local    : /mnt/data2_78g/Security/scripts/Projects_web/braveVTTextension_en
2025-11-01 07:19:07 -   • Distant  : https://github.com/bdelnoz/braveVTTextension_en (VIDE)
2025-11-01 07:19:07 -   • Branches : main, working (locale ACTIVE)
2025-11-01 07:19:07 -   • Fichiers : Untracked (prêts pour commit manuel)
2025-11-01 07:19:07 - 
2025-11-01 07:19:07 - ⚠ IMPORTANT: Dépôt distant VIDE, aucun commit auto
2025-11-01 07:19:07 - 
2025-11-01 07:19:07 - PROCHAINES ÉTAPES (MANUEL):
2025-11-01 07:19:07 -   cd /mnt/data2_78g/Security/scripts/Projects_web/braveVTTextension_en
2025-11-01 07:19:07 -   git status
2025-11-01 07:19:07 -   git add .
2025-11-01 07:19:07 -   git commit -m 'Initial commit'
2025-11-01 07:19:07 -   git push -u origin working
2025-11-01 07:19:07 -   git checkout main && git merge working
2025-11-01 07:19:07 -   git push -u origin main
2025-11-01 07:19:07 - 
2025-11-01 07:19:07 - ═══════════════════════════════════════════════════════════════════════════
2025-11-01 07:19:07 - 
2025-11-01 07:19:07 - ═══════════════════════════════════════════════════════════════════════════
2025-11-01 07:19:07 - Script terminé: 2025-11-01 07:19:07
2025-11-01 07:19:07 - ═══════════════════════════════════════════════════════════════════════════
